
Fri Mar 06 2026 15:34:54:484 GMT-0600 (Central America Standard Time) -- Binary semantic version is v8.9.24
Fri Mar 06 2026 15:34:54:484 GMT-0600 (Central America Standard Time) -- Setting output as extra verbose with request parsing
Fri Mar 06 2026 15:34:58:176 GMT-0600 (Central America Standard Time) -- [SUCCESS] You can now access your local server(s) in our remote browser

Fri Mar 06 2026 15:34:58:946 GMT-0600 (Central America Standard Time) -- Starting configuration console on http://localhost:45454
Fri Mar 06 2026 15:34:59:434 GMT-0600 (Central America Standard Time) -- Connecting to BrowserStack using WebSocket protocol...
Fri Mar 06 2026 15:34:59:434 GMT-0600 (Central America Standard Time) -- Platform supports WebSocket connections.

Fri Mar 06 2026 15:34:59:537 GMT-0600 (Central America Standard Time) -- Press Ctrl-C to exit



Fri Mar 06 2026 15:35:06:756 GMT-0600 (Central America Standard Time) -- [WARNING] Skipping initialisation of configuration console because: port already in use by another Binary
Fri Mar 06 2026 15:35:08:25 GMT-0600 (Central America Standard Time) -- [SUCCESS] You can now access your local server(s) in our remote browser

Fri Mar 06 2026 15:35:08:449 GMT-0600 (Central America Standard Time) -- Press Ctrl-C to exit



Fri Mar 06 2026 15:40:11:406 GMT-0600 (Central America Standard Time) -- Binary semantic version is v8.9.24
Fri Mar 06 2026 15:40:11:406 GMT-0600 (Central America Standard Time) -- Setting output as extra verbose with request parsing
Fri Mar 06 2026 15:40:14:779 GMT-0600 (Central America Standard Time) -- [SUCCESS] You can now access your local server(s) in our remote browser

Fri Mar 06 2026 15:40:15:529 GMT-0600 (Central America Standard Time) -- Starting configuration console on http://localhost:45454
Fri Mar 06 2026 15:40:15:921 GMT-0600 (Central America Standard Time) -- Connecting to BrowserStack using WebSocket protocol...
Fri Mar 06 2026 15:40:15:921 GMT-0600 (Central America Standard Time) -- Platform supports WebSocket connections.

Fri Mar 06 2026 15:40:16:35 GMT-0600 (Central America Standard Time) -- Press Ctrl-C to exit



Fri Mar 06 2026 15:40:23:484 GMT-0600 (Central America Standard Time) -- [WARNING] Skipping initialisation of configuration console because: port already in use by another Binary
Fri Mar 06 2026 15:40:24:902 GMT-0600 (Central America Standard Time) -- [SUCCESS] You can now access your local server(s) in our remote browser

Fri Mar 06 2026 15:40:25:731 GMT-0600 (Central America Standard Time) -- Press Ctrl-C to exit


